\BOOKMARK [1][-]{section.1}{\376\377\000I\000n\000t\000r\000o\000d\000u\000c\000t\000i\000o\000n}{}% 1
\BOOKMARK [1][-]{section.2}{\376\377\000R\000e\000l\000a\000t\000e\000d\000\040\000W\000o\000r\000k}{}% 2
\BOOKMARK [1][-]{section.3}{\376\377\000P\000a\000r\000k\000e\000r\000\040\000N\000e\000u\000r\000a\000l\000\040\000O\000p\000e\000r\000a\000t\000o\000r}{}% 3
\BOOKMARK [2][-]{subsection.3.1}{\376\377\000P\000a\000r\000k\000e\000r\000'\000s\000\040\000S\000o\000l\000a\000r\000\040\000W\000i\000n\000d\000\040\000m\000o\000d\000e\000l}{section.3}% 4
\BOOKMARK [2][-]{subsection.3.2}{\376\377\000N\000e\000u\000r\000a\000l\000\040\000O\000p\000e\000r\000a\000t\000o\000r\000s}{section.3}% 5
\BOOKMARK [2][-]{subsection.3.3}{\376\377\000P\000a\000r\000k\000e\000r\000\040\000K\000e\000r\000n\000e\000l}{section.3}% 6
\BOOKMARK [1][-]{section.4}{\376\377\000H\000e\000r\000m\000i\000t\000e\000\040\000S\000p\000l\000i\000n\000e\000s}{}% 7
\BOOKMARK [2][-]{subsection.4.1}{\376\377\000R\000e\000l\000a\000t\000e\000d\000\040\000W\000o\000r\000k}{section.4}% 8
\BOOKMARK [1][-]{section.5}{\376\377\000C\000o\000r\000o\000n\000a\000g\000r\000a\000p\000h\000\040\000A\000n\000a\000l\000y\000s\000i\000s}{}% 9
\BOOKMARK [2][-]{subsection.5.1}{\376\377\000D\000a\000t\000a}{section.5}% 10
\BOOKMARK [2][-]{subsection.5.2}{\376\377\000A\000r\000c\000h\000i\000t\000e\000c\000t\000u\000r\000e}{section.5}% 11
\BOOKMARK [1][-]{section.6}{\376\377\000P\000i\000p\000e\000l\000i\000n\000e}{}% 12
\BOOKMARK [1][-]{section.7}{\376\377\000R\000e\000s\000u\000l\000t\000s}{}% 13
\BOOKMARK [1][-]{section.8}{\376\377\000D\000i\000s\000c\000u\000s\000s\000i\000o\000n}{}% 14
\BOOKMARK [1][-]{section.9}{\376\377\000C\000o\000n\000c\000l\000u\000s\000i\000o\000n}{}% 15
\BOOKMARK [2][-]{subsection.9.1}{\376\377\000M\000o\000m\000e\000n\000t\000u\000m\000\040\000E\000q\000u\000a\000t\000i\000o\000n\000\040\000\050\000N\000a\000v\000i\000e\000r\000-\000S\000t\000o\000k\000e\000s\000\051}{section.9}% 16
\BOOKMARK [2][-]{subsection.9.2}{\376\377\000I\000n\000d\000u\000c\000t\000i\000o\000n\000\040\000E\000q\000u\000a\000t\000i\000o\000n}{section.9}% 17
\BOOKMARK [2][-]{subsection.9.3}{\376\377\000C\000o\000n\000s\000t\000r\000a\000i\000n\000t\000s}{section.9}% 18
\BOOKMARK [1][-]{section.10}{\376\377\000P\000h\000y\000s\000i\000c\000s\000-\000I\000n\000f\000o\000r\000m\000e\000d\000\040\000N\000e\000u\000r\000a\000l\000\040\000N\000e\000t\000w\000o\000r\000k\000\040\000K\000e\000r\000n\000e\000l}{}% 19
\BOOKMARK [2][-]{subsection.10.1}{\376\377\000A\000d\000v\000e\000c\000t\000i\000o\000n\000\040\000T\000e\000r\000m}{section.10}% 20
\BOOKMARK [2][-]{subsection.10.2}{\376\377\000I\000n\000d\000u\000c\000t\000i\000o\000n\000\040\000T\000e\000r\000m}{section.10}% 21
\BOOKMARK [2][-]{subsection.10.3}{\376\377\000L\000o\000r\000e\000n\000t\000z\000\040\000F\000o\000r\000c\000e\000\040\000T\000e\000r\000m}{section.10}% 22
\BOOKMARK [2][-]{subsection.10.4}{\376\377\000R\000e\000s\000i\000d\000u\000a\000l\000s\000\040\000a\000n\000d\000\040\000L\000o\000s\000s\000\040\000F\000u\000n\000c\000t\000i\000o\000n}{section.10}% 23
\BOOKMARK [1][-]{section.11}{\376\377\000N\000u\000m\000e\000r\000i\000c\000a\000l\000\040\000I\000m\000p\000l\000e\000m\000e\000n\000t\000a\000t\000i\000o\000n\000\040\000a\000n\000d\000\040\000R\000e\000s\000u\000l\000t\000s}{}% 24
\BOOKMARK [2][-]{subsection.11.1}{\376\377\000N\000e\000u\000r\000a\000l\000\040\000N\000e\000t\000w\000o\000r\000k\000\040\000A\000r\000c\000h\000i\000t\000e\000c\000t\000u\000r\000e}{section.11}% 25
\BOOKMARK [2][-]{subsection.11.2}{\376\377\000T\000r\000a\000i\000n\000i\000n\000g\000\040\000P\000r\000o\000c\000e\000d\000u\000r\000e}{section.11}% 26
\BOOKMARK [2][-]{subsection.11.3}{\376\377\000R\000e\000s\000u\000l\000t\000s}{section.11}% 27
\BOOKMARK [1][-]{section.12}{\376\377\000C\000o\000n\000c\000l\000u\000s\000i\000o\000n}{}% 28
